SF:lib/service/app_service.dart
DA:5,3
DA:7,2
DA:9,1
DA:15,0
LF:4
LH:3
end_of_record
SF:lib/service/local_storage_service.dart
DA:13,3
DA:15,2
DA:17,1
DA:21,0
DA:23,0
LF:5
LH:3
end_of_record
SF:lib/api/http_util.dart
DA:8,0
DA:10,0
DA:12,0
DA:20,0
DA:32,0
DA:35,0
DA:37,0
DA:39,0
DA:40,0
DA:41,0
DA:45,0
DA:48,0
DA:52,0
DA:53,0
DA:54,0
DA:58,0
DA:64,0
DA:73,0
DA:76,0
DA:89,0
DA:90,0
DA:97,0
DA:98,0
DA:104,0
DA:105,0
DA:112,0
DA:113,0
DA:120,0
DA:121,0
DA:128,0
DA:129,0
DA:140,0
DA:141,0
DA:142,0
DA:143,0
DA:161,3
DA:175,2
DA:177,1
DA:178,1
DA:181,1
DA:182,2
DA:183,3
DA:184,3
DA:185,1
DA:195,1
DA:196,1
DA:197,1
DA:198,1
DA:199,1
DA:201,1
DA:202,1
DA:203,1
DA:205,1
DA:211,0
DA:213,0
DA:220,0
DA:221,0
DA:223,0
DA:225,0
DA:231,0
DA:234,0
DA:235,0
DA:238,0
DA:239,0
DA:240,0
DA:245,0
DA:246,0
DA:247,0
DA:250,0
DA:251,0
DA:252,0
LF:71
LH:18
end_of_record
